<?xml version="1.0" encoding="UTF-8"?>
<testng-results ignored="0" total="2" passed="2" failed="0" skipped="0">
  <reporter-output>
  </reporter-output>
  <suite started-at="2024-11-25T18:34:52 IST" name="Default suite" finished-at="2024-11-25T18:35:24 IST" duration-ms="31585">
    <groups>
    </groups>
    <test started-at="2024-11-25T18:34:52 IST" name="Default test" finished-at="2024-11-25T18:35:24 IST" duration-ms="31585">
      <class name="orangeHRM.AddUser_PositiveTesting">
        <test-method is-config="true" signature="setup()[pri:0, instance:orangeHRM.AddUser_PositiveTesting@7f0eb4b4]" started-at="2024-11-25T18:34:52 IST" name="setup" finished-at="2024-11-25T18:35:00 IST" duration-ms="7552" status="PASS">
          <reporter-output>
          </reporter-output>
        </test-method> <!-- setup -->
        <test-method signature="Test1()[pri:1, instance:orangeHRM.AddUser_PositiveTesting@7f0eb4b4]" started-at="2024-11-25T18:35:00 IST" name="Test1" finished-at="2024-11-25T18:35:09 IST" duration-ms="9177" status="PASS">
          <reporter-output>
          </reporter-output>
        </test-method> <!-- Test1 -->
        <test-method signature="Test2()[pri:2, instance:orangeHRM.AddUser_PositiveTesting@7f0eb4b4]" started-at="2024-11-25T18:35:09 IST" name="Test2" finished-at="2024-11-25T18:35:24 IST" duration-ms="14801" status="PASS">
          <reporter-output>
          </reporter-output>
        </test-method> <!-- Test2 -->
      </class> <!-- orangeHRM.AddUser_PositiveTesting -->
    </test> <!-- Default test -->
  </suite> <!-- Default suite -->
</testng-results>
